<?xml version="1.0" encoding="UTF-8"?>
<!-- Generated by org.testng.reporters.JUnitReportReporter -->
<testsuite hostname="DESKTOP-UVCNVNR" failures="0" tests="1" name="TestCases.HomeTest" time="10.942" errors="0" timestamp="2024-05-07T09:03:04 IST" skipped="0">
  <testcase classname="TestCases.HomeTest" name="Verify_logo" time="10.942"/>
</testsuite> <!-- TestCases.HomeTest -->
