<?xml version="1.0" encoding="UTF-8"?>
<!-- Generated by org.testng.reporters.JUnitReportReporter -->
<testsuite hostname="DESKTOP-UVCNVNR" failures="0" tests="1" name="TestCases.TableTest" time="19.575" errors="0" timestamp="2024-05-09T21:13:01 IST" skipped="0">
  <testcase classname="TestCases.TableTest" name="verify_age" time="19.575"/>
</testsuite> <!-- TestCases.TableTest -->
