<?xml version="1.0" encoding="UTF-8"?>
<!-- Generated by org.testng.reporters.JUnitReportReporter -->
<testsuite hostname="DESKTOP-UVCNVNR" failures="0" tests="1" name="TestCases.DatePickerTest" time="18.170" errors="0" timestamp="2024-05-10T15:23:01 IST" skipped="0">
  <testcase classname="TestCases.DatePickerTest" name="verify_choosedate" time="18.170"/>
</testsuite> <!-- TestCases.DatePickerTest -->
